<?xml version="1.0" encoding="UTF-8"?>
<!-- Generated by org.testng.reporters.JUnitXMLReporter -->
<testsuite hostname="aefimov-PC" ignored="0" name="Add Customer Test" tests="1" failures="1" timestamp="01 Feb 2019 14:35:32 GMT" time="1.087" errors="0">
  <testcase name="addCustomer" time="0.645" classname="com.w2a.testcases.AddCustomerTest">
    <failure type="java.lang.AssertionError" message="Failed it just for test">
      <![CDATA[java.lang.AssertionError: Failed it just for test
at com.w2a.testcases.AddCustomerTest.addCustomer(AddCustomerTest.java:27)
... Removed 30 stack frames]]>
    </failure>
  </testcase> <!-- addCustomer -->
</testsuite> <!-- Add Customer Test -->
