<?xml version="1.0" encoding="UTF-8"?>
<!-- Generated by org.testng.reporters.JUnitXMLReporter -->
<testsuite hostname="aefimov-PC" ignored="0" name="Bank Manager Login Test" tests="1" failures="1" timestamp="01 Feb 2019 14:35:31 GMT" time="3.771" errors="0">
  <testcase name="loginAsBankManager" time="3.136" classname="com.w2a.testcases.BankManagerLoginTest">
    <failure type="java.lang.AssertionError" message="Failed it just for test">
      <![CDATA[java.lang.AssertionError: Failed it just for test
at com.w2a.testcases.BankManagerLoginTest.loginAsBankManager(BankManagerLoginTest.java:22)
... Removed 30 stack frames]]>
    </failure>
  </testcase> <!-- loginAsBankManager -->
</testsuite> <!-- Bank Manager Login Test -->
